PhantomJS is launching GhostDriver...
[INFO  - 2014-01-22T04:45:08.157Z] GhostDriver - Main - running on port 43313
[INFO  - 2014-01-22T04:45:09.086Z] Session [f8b0ad80-831f-11e3-89bb-195a4932bc84] - _decorateNewWindow - page.settings: {"XSSAuditingEnabled":false,"javascriptCanCloseWindows":true,"javascriptCanOpenWindows":true,"javascriptEnabled":true,"loadImages":true,"localToRemoteUrlAccessEnabled":false,"userAgent":"Mozilla/5.0 (Unknown; Linux i686) AppleWebKit/534.34 (KHTML, like Gecko) PhantomJS/1.9.2 Safari/534.34","webSecurityEnabled":true}
[INFO  - 2014-01-22T04:45:09.086Z] Session [f8b0ad80-831f-11e3-89bb-195a4932bc84] - page.customHeaders:  - {}
[INFO  - 2014-01-22T04:45:09.086Z] Session [f8b0ad80-831f-11e3-89bb-195a4932bc84] - CONSTRUCTOR - Desired Capabilities: {"platform":"ANY","browserName":"phantomjs","version":"","javascriptEnabled":true}
[INFO  - 2014-01-22T04:45:09.086Z] Session [f8b0ad80-831f-11e3-89bb-195a4932bc84] - CONSTRUCTOR - Negotiated Capabilities: {"browserName":"phantomjs","version":"1.9.2","driverName":"ghostdriver","driverVersion":"1.0.4","platform":"linux-unknown-32bit","javascriptEnabled":true,"takesScreenshot":true,"handlesAlerts":false,"databaseEnabled":false,"locationContextEnabled":false,"applicationCacheEnabled":false,"browserConnectionEnabled":false,"cssSelectorsEnabled":true,"webStorageEnabled":false,"rotatable":false,"acceptSslCerts":false,"nativeEvents":true,"proxy":{"proxyType":"direct"}}
[INFO  - 2014-01-22T04:45:09.086Z] SessionManagerReqHand - _postNewSessionCommand - New Session Created: f8b0ad80-831f-11e3-89bb-195a4932bc84
[ERROR - 2014-01-22T04:47:36.272Z] WebElementLocator - _handleLocateCommand - Element(s) NOT Found: GAVE UP. Search Stop Time: 1390366056250
[ERROR - 2014-01-22T04:47:37.022Z] WebElementLocator - _handleLocateCommand - Element(s) NOT Found: GAVE UP. Search Stop Time: 1390366056993
[ERROR - 2014-01-22T04:47:37.745Z] WebElementLocator - _handleLocateCommand - Element(s) NOT Found: GAVE UP. Search Stop Time: 1390366057721
[ERROR - 2014-01-22T04:47:38.465Z] WebElementLocator - _handleLocateCommand - Element(s) NOT Found: GAVE UP. Search Stop Time: 1390366058445
[ERROR - 2014-01-22T04:47:39.189Z] WebElementLocator - _handleLocateCommand - Element(s) NOT Found: GAVE UP. Search Stop Time: 1390366059161
[ERROR - 2014-01-22T04:47:47.251Z] WebElementLocator - _handleLocateCommand - Element(s) NOT Found: GAVE UP. Search Stop Time: 1390366067232
[ERROR - 2014-01-22T04:47:47.989Z] WebElementLocator - _handleLocateCommand - Element(s) NOT Found: GAVE UP. Search Stop Time: 1390366067962
[ERROR - 2014-01-22T04:47:48.712Z] WebElementLocator - _handleLocateCommand - Element(s) NOT Found: GAVE UP. Search Stop Time: 1390366068689
[ERROR - 2014-01-22T04:47:49.439Z] WebElementLocator - _handleLocateCommand - Element(s) NOT Found: GAVE UP. Search Stop Time: 1390366069416
[ERROR - 2014-01-22T04:47:50.170Z] WebElementLocator - _handleLocateCommand - Element(s) NOT Found: GAVE UP. Search Stop Time: 1390366070140
[INFO  - 2014-01-22T04:50:08.157Z] SessionManagerReqHand - _cleanupWindowlessSessions - Asynchronous Sessions clean-up phase starting NOW
[ERROR - 2014-01-22T04:50:09.001Z] WebElementLocator - _handleLocateCommand - Element(s) NOT Found: GAVE UP. Search Stop Time: 1390366208978
[ERROR - 2014-01-22T04:50:09.747Z] WebElementLocator - _handleLocateCommand - Element(s) NOT Found: GAVE UP. Search Stop Time: 1390366209707
[ERROR - 2014-01-22T04:50:10.479Z] WebElementLocator - _handleLocateCommand - Element(s) NOT Found: GAVE UP. Search Stop Time: 1390366210450
[ERROR - 2014-01-22T04:50:11.212Z] WebElementLocator - _handleLocateCommand - Element(s) NOT Found: GAVE UP. Search Stop Time: 1390366211183
[ERROR - 2014-01-22T04:50:20.713Z] WebElementLocator - _handleLocateCommand - Element(s) NOT Found: GAVE UP. Search Stop Time: 1390366220685
[ERROR - 2014-01-22T04:50:21.444Z] WebElementLocator - _handleLocateCommand - Element(s) NOT Found: GAVE UP. Search Stop Time: 1390366221419
[ERROR - 2014-01-22T04:50:22.170Z] WebElementLocator - _handleLocateCommand - Element(s) NOT Found: GAVE UP. Search Stop Time: 1390366222148
[ERROR - 2014-01-22T04:50:22.897Z] WebElementLocator - _handleLocateCommand - Element(s) NOT Found: GAVE UP. Search Stop Time: 1390366222872
[ERROR - 2014-01-22T04:50:23.623Z] WebElementLocator - _handleLocateCommand - Element(s) NOT Found: GAVE UP. Search Stop Time: 1390366223599
[ERROR - 2014-01-22T04:51:23.823Z] WebElementLocator - _handleLocateCommand - Element(s) NOT Found: GAVE UP. Search Stop Time: 1390366283802
[ERROR - 2014-01-22T04:51:24.540Z] WebElementLocator - _handleLocateCommand - Element(s) NOT Found: GAVE UP. Search Stop Time: 1390366284521
[ERROR - 2014-01-22T04:51:25.262Z] WebElementLocator - _handleLocateCommand - Element(s) NOT Found: GAVE UP. Search Stop Time: 1390366285246
[ERROR - 2014-01-22T04:51:25.994Z] WebElementLocator - _handleLocateCommand - Element(s) NOT Found: GAVE UP. Search Stop Time: 1390366285971
[ERROR - 2014-01-22T04:51:26.723Z] WebElementLocator - _handleLocateCommand - Element(s) NOT Found: GAVE UP. Search Stop Time: 1390366286705
[INFO  - 2014-01-22T04:55:08.157Z] SessionManagerReqHand - _cleanupWindowlessSessions - Asynchronous Sessions clean-up phase starting NOW
[ERROR - 2014-01-22T04:56:03.926Z] WebElementLocator - _handleLocateCommand - Element(s) NOT Found: GAVE UP. Search Stop Time: 1390366563896
[ERROR - 2014-01-22T04:56:04.649Z] WebElementLocator - _handleLocateCommand - Element(s) NOT Found: GAVE UP. Search Stop Time: 1390366564625
[ERROR - 2014-01-22T04:56:05.371Z] WebElementLocator - _handleLocateCommand - Element(s) NOT Found: GAVE UP. Search Stop Time: 1390366565352
[ERROR - 2014-01-22T04:56:06.120Z] WebElementLocator - _handleLocateCommand - Element(s) NOT Found: GAVE UP. Search Stop Time: 1390366566097
[ERROR - 2014-01-22T04:56:22.468Z] WebElementLocator - _handleLocateCommand - Element(s) NOT Found: GAVE UP. Search Stop Time: 1390366582446
[ERROR - 2014-01-22T04:56:23.263Z] WebElementLocator - _handleLocateCommand - Element(s) NOT Found: GAVE UP. Search Stop Time: 1390366583245
[ERROR - 2014-01-22T04:56:24.053Z] WebElementLocator - _handleLocateCommand - Element(s) NOT Found: GAVE UP. Search Stop Time: 1390366584030
[ERROR - 2014-01-22T04:56:24.828Z] WebElementLocator - _handleLocateCommand - Element(s) NOT Found: GAVE UP. Search Stop Time: 1390366584814
[ERROR - 2014-01-22T04:57:25.226Z] Session [f8b0ad80-831f-11e3-89bb-195a4932bc84] - Page at 'http://videos.desihome.info/stream/yejawani/part3.php' - Console Error (msg): SyntaxError: Parse error
[ERROR - 2014-01-22T04:57:25.226Z] Session [f8b0ad80-831f-11e3-89bb-195a4932bc84] - Page at 'http://videos.desihome.info/stream/yejawani/part3.php' - Console Error (stack): []
[ERROR - 2014-01-22T04:57:43.760Z] WebElementLocator - _handleLocateCommand - Element(s) NOT Found: GAVE UP. Search Stop Time: 1390366663736
[ERROR - 2014-01-22T04:57:44.609Z] WebElementLocator - _handleLocateCommand - Element(s) NOT Found: GAVE UP. Search Stop Time: 1390366664589
[ERROR - 2014-01-22T04:57:45.501Z] WebElementLocator - _handleLocateCommand - Element(s) NOT Found: GAVE UP. Search Stop Time: 1390366665473
[ERROR - 2014-01-22T04:57:46.353Z] WebElementLocator - _handleLocateCommand - Element(s) NOT Found: GAVE UP. Search Stop Time: 1390366666324
[ERROR - 2014-01-22T04:57:51.124Z] Session [f8b0ad80-831f-11e3-89bb-195a4932bc84] - Page at 'http://videos.desihome.info/stream/yejawani/part1.php' - Console Error (msg): SyntaxError: Parse error
[ERROR - 2014-01-22T04:57:51.125Z] Session [f8b0ad80-831f-11e3-89bb-195a4932bc84] - Page at 'http://videos.desihome.info/stream/yejawani/part1.php' - Console Error (stack): []
[ERROR - 2014-01-22T04:57:59.202Z] WebElementLocator - _handleLocateCommand - Element(s) NOT Found: GAVE UP. Search Stop Time: 1390366679181
[ERROR - 2014-01-22T04:57:59.983Z] WebElementLocator - _handleLocateCommand - Element(s) NOT Found: GAVE UP. Search Stop Time: 1390366679959
[ERROR - 2014-01-22T04:58:00.797Z] WebElementLocator - _handleLocateCommand - Element(s) NOT Found: GAVE UP. Search Stop Time: 1390366680763
[ERROR - 2014-01-22T04:58:01.555Z] WebElementLocator - _handleLocateCommand - Element(s) NOT Found: GAVE UP. Search Stop Time: 1390366681538
[ERROR - 2014-01-22T04:58:24.782Z] WebElementLocator - _handleLocateCommand - Element(s) NOT Found: GAVE UP. Search Stop Time: 1390366704764
[ERROR - 2014-01-22T04:58:25.575Z] WebElementLocator - _handleLocateCommand - Element(s) NOT Found: GAVE UP. Search Stop Time: 1390366705552
[ERROR - 2014-01-22T04:58:26.381Z] WebElementLocator - _handleLocateCommand - Element(s) NOT Found: GAVE UP. Search Stop Time: 1390366706354
[ERROR - 2014-01-22T04:58:27.162Z] WebElementLocator - _handleLocateCommand - Element(s) NOT Found: GAVE UP. Search Stop Time: 1390366707139
[INFO  - 2014-01-22T05:00:08.157Z] SessionManagerReqHand - _cleanupWindowlessSessions - Asynchronous Sessions clean-up phase starting NOW
[ERROR - 2014-01-22T05:00:55.718Z] Session [f8b0ad80-831f-11e3-89bb-195a4932bc84] - Page at 'http://videos.desihome.info/stream/issaq/part1.php' - Console Error (msg): SyntaxError: Parse error
[ERROR - 2014-01-22T05:00:55.718Z] Session [f8b0ad80-831f-11e3-89bb-195a4932bc84] - Page at 'http://videos.desihome.info/stream/issaq/part1.php' - Console Error (stack): []
[ERROR - 2014-01-22T05:01:02.437Z] WebElementLocator - _handleLocateCommand - Element(s) NOT Found: GAVE UP. Search Stop Time: 1390366862414
[ERROR - 2014-01-22T05:01:03.369Z] WebElementLocator - _handleLocateCommand - Element(s) NOT Found: GAVE UP. Search Stop Time: 1390366863354
[ERROR - 2014-01-22T05:01:04.289Z] WebElementLocator - _handleLocateCommand - Element(s) NOT Found: GAVE UP. Search Stop Time: 1390366864269
[ERROR - 2014-01-22T05:01:05.240Z] WebElementLocator - _handleLocateCommand - Element(s) NOT Found: GAVE UP. Search Stop Time: 1390366865221
[ERROR - 2014-01-22T05:01:26.255Z] Session [f8b0ad80-831f-11e3-89bb-195a4932bc84] - Page at 'http://videos.desihome.info/stream/sheetalbha/part1.php' - Console Error (msg): SyntaxError: Parse error
[ERROR - 2014-01-22T05:01:26.255Z] Session [f8b0ad80-831f-11e3-89bb-195a4932bc84] - Page at 'http://videos.desihome.info/stream/sheetalbha/part1.php' - Console Error (stack): []
[ERROR - 2014-01-22T05:01:27.954Z] WebElementLocator - _handleLocateCommand - Element(s) NOT Found: GAVE UP. Search Stop Time: 1390366887928
[ERROR - 2014-01-22T05:01:28.901Z] WebElementLocator - _handleLocateCommand - Element(s) NOT Found: GAVE UP. Search Stop Time: 1390366888874
[ERROR - 2014-01-22T05:01:29.846Z] WebElementLocator - _handleLocateCommand - Element(s) NOT Found: GAVE UP. Search Stop Time: 1390366889818
[ERROR - 2014-01-22T05:01:30.775Z] WebElementLocator - _handleLocateCommand - Element(s) NOT Found: GAVE UP. Search Stop Time: 1390366890757
[ERROR - 2014-01-22T05:01:43.459Z] WebElementLocator - _handleLocateCommand - Element(s) NOT Found: GAVE UP. Search Stop Time: 1390366903436
[ERROR - 2014-01-22T05:01:44.397Z] WebElementLocator - _handleLocateCommand - Element(s) NOT Found: GAVE UP. Search Stop Time: 1390366904374
[ERROR - 2014-01-22T05:01:45.330Z] WebElementLocator - _handleLocateCommand - Element(s) NOT Found: GAVE UP. Search Stop Time: 1390366905307
[ERROR - 2014-01-22T05:01:46.256Z] WebElementLocator - _handleLocateCommand - Element(s) NOT Found: GAVE UP. Search Stop Time: 1390366906238
[ERROR - 2014-01-22T05:02:03.867Z] Session [f8b0ad80-831f-11e3-89bb-195a4932bc84] - Page at 'http://videos.desihome.info/stream/issaq/part2.php' - Console Error (msg): SyntaxError: Parse error
[ERROR - 2014-01-22T05:02:03.867Z] Session [f8b0ad80-831f-11e3-89bb-195a4932bc84] - Page at 'http://videos.desihome.info/stream/issaq/part2.php' - Console Error (stack): []
[ERROR - 2014-01-22T05:02:13.500Z] WebElementLocator - _handleLocateCommand - Element(s) NOT Found: GAVE UP. Search Stop Time: 1390366933479
[ERROR - 2014-01-22T05:02:14.551Z] WebElementLocator - _handleLocateCommand - Element(s) NOT Found: GAVE UP. Search Stop Time: 1390366934517
[ERROR - 2014-01-22T05:02:15.651Z] WebElementLocator - _handleLocateCommand - Element(s) NOT Found: GAVE UP. Search Stop Time: 1390366935617
[ERROR - 2014-01-22T05:02:20.285Z] Session [f8b0ad80-831f-11e3-89bb-195a4932bc84] - Page at 'http://www.filmshowonline.net/videos/153003/' - Console Error (msg): SyntaxError: Parse error
[ERROR - 2014-01-22T05:02:20.285Z] Session [f8b0ad80-831f-11e3-89bb-195a4932bc84] - Page at 'http://www.filmshowonline.net/videos/153003/' - Console Error (stack): []
[ERROR - 2014-01-22T05:02:35.776Z] Session [f8b0ad80-831f-11e3-89bb-195a4932bc84] - Page at 'http://www.filmshowonline.net/videos/145752/' - Console Error (msg): SyntaxError: Parse error
[ERROR - 2014-01-22T05:02:35.776Z] Session [f8b0ad80-831f-11e3-89bb-195a4932bc84] - Page at 'http://www.filmshowonline.net/videos/145752/' - Console Error (stack): []
[ERROR - 2014-01-22T05:02:41.129Z] WebElementLocator - _handleLocateCommand - Element(s) NOT Found: GAVE UP. Search Stop Time: 1390366961107
[ERROR - 2014-01-22T05:02:42.078Z] WebElementLocator - _handleLocateCommand - Element(s) NOT Found: GAVE UP. Search Stop Time: 1390366962055
[ERROR - 2014-01-22T05:02:43.011Z] WebElementLocator - _handleLocateCommand - Element(s) NOT Found: GAVE UP. Search Stop Time: 1390366962992
[ERROR - 2014-01-22T05:02:43.947Z] WebElementLocator - _handleLocateCommand - Element(s) NOT Found: GAVE UP. Search Stop Time: 1390366963925
[ERROR - 2014-01-22T05:04:03.236Z] Session [f8b0ad80-831f-11e3-89bb-195a4932bc84] - Page at 'http://videos.desihome.info/stream/ishqactually/part2.php' - Console Error (msg): SyntaxError: Parse error
[ERROR - 2014-01-22T05:04:03.237Z] Session [f8b0ad80-831f-11e3-89bb-195a4932bc84] - Page at 'http://videos.desihome.info/stream/ishqactually/part2.php' - Console Error (stack): []
[ERROR - 2014-01-22T05:04:03.237Z] Session [f8b0ad80-831f-11e3-89bb-195a4932bc84] - Page at 'http://videos.desihome.info/stream/ishqactually/part2.php' - Console Error (msg): SyntaxError: Parse error
[ERROR - 2014-01-22T05:04:03.237Z] Session [f8b0ad80-831f-11e3-89bb-195a4932bc84] - Page at 'http://videos.desihome.info/stream/ishqactually/part2.php' - Console Error (stack): []
[ERROR - 2014-01-22T05:04:08.553Z] WebElementLocator - _handleLocateCommand - Element(s) NOT Found: GAVE UP. Search Stop Time: 1390367048535
[ERROR - 2014-01-22T05:04:09.502Z] WebElementLocator - _handleLocateCommand - Element(s) NOT Found: GAVE UP. Search Stop Time: 1390367049464
[ERROR - 2014-01-22T05:04:10.430Z] WebElementLocator - _handleLocateCommand - Element(s) NOT Found: GAVE UP. Search Stop Time: 1390367050393
[ERROR - 2014-01-22T05:04:11.492Z] WebElementLocator - _handleLocateCommand - Element(s) NOT Found: GAVE UP. Search Stop Time: 1390367051470
[ERROR - 2014-01-22T05:04:19.526Z] WebElementLocator - _handleLocateCommand - Element(s) NOT Found: GAVE UP. Search Stop Time: 1390367059496
[ERROR - 2014-01-22T05:04:20.461Z] WebElementLocator - _handleLocateCommand - Element(s) NOT Found: GAVE UP. Search Stop Time: 1390367060429
[ERROR - 2014-01-22T05:04:21.376Z] WebElementLocator - _handleLocateCommand - Element(s) NOT Found: GAVE UP. Search Stop Time: 1390367061352
[ERROR - 2014-01-22T05:04:22.312Z] WebElementLocator - _handleLocateCommand - Element(s) NOT Found: GAVE UP. Search Stop Time: 1390367062292
[ERROR - 2014-01-22T05:04:38.515Z] WebElementLocator - _handleLocateCommand - Element(s) NOT Found: GAVE UP. Search Stop Time: 1390367078490
[ERROR - 2014-01-22T05:04:39.516Z] WebElementLocator - _handleLocateCommand - Element(s) NOT Found: GAVE UP. Search Stop Time: 1390367079493
[ERROR - 2014-01-22T05:04:40.458Z] WebElementLocator - _handleLocateCommand - Element(s) NOT Found: GAVE UP. Search Stop Time: 1390367080443
[ERROR - 2014-01-22T05:04:41.324Z] WebElementLocator - _handleLocateCommand - Element(s) NOT Found: GAVE UP. Search Stop Time: 1390367081306
[ERROR - 2014-01-22T05:04:48.160Z] WebElementLocator - _handleLocateCommand - Element(s) NOT Found: GAVE UP. Search Stop Time: 1390367088138
[ERROR - 2014-01-22T05:04:49.058Z] WebElementLocator - _handleLocateCommand - Element(s) NOT Found: GAVE UP. Search Stop Time: 1390367089037
[ERROR - 2014-01-22T05:04:49.951Z] WebElementLocator - _handleLocateCommand - Element(s) NOT Found: GAVE UP. Search Stop Time: 1390367089929
[ERROR - 2014-01-22T05:04:50.840Z] WebElementLocator - _handleLocateCommand - Element(s) NOT Found: GAVE UP. Search Stop Time: 1390367090824
[ERROR - 2014-01-22T05:05:03.688Z] WebElementLocator - _handleLocateCommand - Element(s) NOT Found: GAVE UP. Search Stop Time: 1390367103666
[ERROR - 2014-01-22T05:05:04.577Z] WebElementLocator - _handleLocateCommand - Element(s) NOT Found: GAVE UP. Search Stop Time: 1390367104554
[ERROR - 2014-01-22T05:05:05.453Z] WebElementLocator - _handleLocateCommand - Element(s) NOT Found: GAVE UP. Search Stop Time: 1390367105430
[ERROR - 2014-01-22T05:05:06.327Z] WebElementLocator - _handleLocateCommand - Element(s) NOT Found: GAVE UP. Search Stop Time: 1390367106308
[INFO  - 2014-01-22T05:05:08.157Z] SessionManagerReqHand - _cleanupWindowlessSessions - Asynchronous Sessions clean-up phase starting NOW
[ERROR - 2014-01-22T05:05:11.682Z] Session [f8b0ad80-831f-11e3-89bb-195a4932bc84] - Page at 'http://www.filmshowonline.net/videos/138149/' - Console Error (msg): SyntaxError: Parse error
[ERROR - 2014-01-22T05:05:11.682Z] Session [f8b0ad80-831f-11e3-89bb-195a4932bc84] - Page at 'http://www.filmshowonline.net/videos/138149/' - Console Error (stack): []
[ERROR - 2014-01-22T05:05:56.445Z] WebElementLocator - _handleLocateCommand - Element(s) NOT Found: GAVE UP. Search Stop Time: 1390367156418
[ERROR - 2014-01-22T05:05:57.175Z] WebElementLocator - _handleLocateCommand - Element(s) NOT Found: GAVE UP. Search Stop Time: 1390367157148
[ERROR - 2014-01-22T05:05:57.895Z] WebElementLocator - _handleLocateCommand - Element(s) NOT Found: GAVE UP. Search Stop Time: 1390367157876
[ERROR - 2014-01-22T05:05:58.616Z] WebElementLocator - _handleLocateCommand - Element(s) NOT Found: GAVE UP. Search Stop Time: 1390367158590
[ERROR - 2014-01-22T05:05:59.356Z] WebElementLocator - _handleLocateCommand - Element(s) NOT Found: GAVE UP. Search Stop Time: 1390367159318
[ERROR - 2014-01-22T05:06:40.568Z] WebElementLocator - _handleLocateCommand - Element(s) NOT Found: GAVE UP. Search Stop Time: 1390367200549
[ERROR - 2014-01-22T05:06:41.299Z] WebElementLocator - _handleLocateCommand - Element(s) NOT Found: GAVE UP. Search Stop Time: 1390367201271
[ERROR - 2014-01-22T05:06:42.024Z] WebElementLocator - _handleLocateCommand - Element(s) NOT Found: GAVE UP. Search Stop Time: 1390367202002
[ERROR - 2014-01-22T05:06:42.750Z] WebElementLocator - _handleLocateCommand - Element(s) NOT Found: GAVE UP. Search Stop Time: 1390367202733
[ERROR - 2014-01-22T05:07:02.000Z] Session [f8b0ad80-831f-11e3-89bb-195a4932bc84] - Page at 'http://videos.desihome.info/stream/shortcutromo/part3.php' - Console Error (msg): SyntaxError: Parse error
[ERROR - 2014-01-22T05:07:02.000Z] Session [f8b0ad80-831f-11e3-89bb-195a4932bc84] - Page at 'http://videos.desihome.info/stream/shortcutromo/part3.php' - Console Error (stack): []
[ERROR - 2014-01-22T05:07:04.383Z] WebElementLocator - _handleLocateCommand - Element(s) NOT Found: GAVE UP. Search Stop Time: 1390367224364
[ERROR - 2014-01-22T05:07:05.101Z] WebElementLocator - _handleLocateCommand - Element(s) NOT Found: GAVE UP. Search Stop Time: 1390367225082
[ERROR - 2014-01-22T05:07:05.824Z] WebElementLocator - _handleLocateCommand - Element(s) NOT Found: GAVE UP. Search Stop Time: 1390367225803
[ERROR - 2014-01-22T05:07:06.541Z] WebElementLocator - _handleLocateCommand - Element(s) NOT Found: GAVE UP. Search Stop Time: 1390367226524
[ERROR - 2014-01-22T05:07:07.278Z] WebElementLocator - _handleLocateCommand - Element(s) NOT Found: GAVE UP. Search Stop Time: 1390367227253
[ERROR - 2014-01-22T05:07:11.832Z] Session [f8b0ad80-831f-11e3-89bb-195a4932bc84] - Page at 'http://videos.desihome.info/stream/shortcutromo/part4.php' - Console Error (msg): SyntaxError: Parse error
[ERROR - 2014-01-22T05:07:11.832Z] Session [f8b0ad80-831f-11e3-89bb-195a4932bc84] - Page at 'http://videos.desihome.info/stream/shortcutromo/part4.php' - Console Error (stack): []
[ERROR - 2014-01-22T05:07:17.993Z] WebElementLocator - _handleLocateCommand - Element(s) NOT Found: GAVE UP. Search Stop Time: 1390367237977
[ERROR - 2014-01-22T05:07:18.795Z] WebElementLocator - _handleLocateCommand - Element(s) NOT Found: GAVE UP. Search Stop Time: 1390367238695
[ERROR - 2014-01-22T05:07:19.534Z] WebElementLocator - _handleLocateCommand - Element(s) NOT Found: GAVE UP. Search Stop Time: 1390367239502
[ERROR - 2014-01-22T05:07:20.395Z] WebElementLocator - _handleLocateCommand - Element(s) NOT Found: GAVE UP. Search Stop Time: 1390367240377
[ERROR - 2014-01-22T05:07:39.091Z] Session [f8b0ad80-831f-11e3-89bb-195a4932bc84] - Page at 'http://www.filmshowonline.net/videos/152446/' - Console Error (msg): SyntaxError: Parse error
[ERROR - 2014-01-22T05:07:39.091Z] Session [f8b0ad80-831f-11e3-89bb-195a4932bc84] - Page at 'http://www.filmshowonline.net/videos/152446/' - Console Error (stack): []
[ERROR - 2014-01-22T05:08:07.983Z] WebElementLocator - _handleLocateCommand - Element(s) NOT Found: GAVE UP. Search Stop Time: 1390367287960
[ERROR - 2014-01-22T05:08:08.701Z] WebElementLocator - _handleLocateCommand - Element(s) NOT Found: GAVE UP. Search Stop Time: 1390367288687
[ERROR - 2014-01-22T05:08:09.421Z] WebElementLocator - _handleLocateCommand - Element(s) NOT Found: GAVE UP. Search Stop Time: 1390367289401
[ERROR - 2014-01-22T05:08:10.168Z] WebElementLocator - _handleLocateCommand - Element(s) NOT Found: GAVE UP. Search Stop Time: 1390367290139
[ERROR - 2014-01-22T05:08:10.924Z] WebElementLocator - _handleLocateCommand - Element(s) NOT Found: GAVE UP. Search Stop Time: 1390367290903
[ERROR - 2014-01-22T05:08:21.630Z] WebElementLocator - _handleLocateCommand - Element(s) NOT Found: GAVE UP. Search Stop Time: 1390367301608
[ERROR - 2014-01-22T05:08:22.358Z] WebElementLocator - _handleLocateCommand - Element(s) NOT Found: GAVE UP. Search Stop Time: 1390367302336
[ERROR - 2014-01-22T05:08:23.269Z] WebElementLocator - _handleLocateCommand - Element(s) NOT Found: GAVE UP. Search Stop Time: 1390367303132
[ERROR - 2014-01-22T05:08:24.110Z] WebElementLocator - _handleLocateCommand - Element(s) NOT Found: GAVE UP. Search Stop Time: 1390367304071
[ERROR - 2014-01-22T05:08:36.317Z] WebElementLocator - _handleLocateCommand - Element(s) NOT Found: GAVE UP. Search Stop Time: 1390367316290
[ERROR - 2014-01-22T05:08:37.223Z] WebElementLocator - _handleLocateCommand - Element(s) NOT Found: GAVE UP. Search Stop Time: 1390367317209
[ERROR - 2014-01-22T05:08:38.136Z] WebElementLocator - _handleLocateCommand - Element(s) NOT Found: GAVE UP. Search Stop Time: 1390367318115
[ERROR - 2014-01-22T05:08:39.046Z] WebElementLocator - _handleLocateCommand - Element(s) NOT Found: GAVE UP. Search Stop Time: 1390367319021
[ERROR - 2014-01-22T05:08:42.322Z] Session [f8b0ad80-831f-11e3-89bb-195a4932bc84] - Page at 'http://videos.desihome.info/stream/ishqactually/part1.php' - Console Error (msg): SyntaxError: Parse error
[ERROR - 2014-01-22T05:08:42.323Z] Session [f8b0ad80-831f-11e3-89bb-195a4932bc84] - Page at 'http://videos.desihome.info/stream/ishqactually/part1.php' - Console Error (stack): []
[ERROR - 2014-01-22T05:08:49.912Z] WebElementLocator - _handleLocateCommand - Element(s) NOT Found: GAVE UP. Search Stop Time: 1390367329890
[ERROR - 2014-01-22T05:08:50.896Z] WebElementLocator - _handleLocateCommand - Element(s) NOT Found: GAVE UP. Search Stop Time: 1390367330782
[ERROR - 2014-01-22T05:08:51.773Z] WebElementLocator - _handleLocateCommand - Element(s) NOT Found: GAVE UP. Search Stop Time: 1390367331756
[ERROR - 2014-01-22T05:08:52.712Z] WebElementLocator - _handleLocateCommand - Element(s) NOT Found: GAVE UP. Search Stop Time: 1390367332695
[ERROR - 2014-01-22T05:09:20.743Z] WebElementLocator - _handleLocateCommand - Element(s) NOT Found: GAVE UP. Search Stop Time: 1390367360726
[ERROR - 2014-01-22T05:09:21.684Z] WebElementLocator - _handleLocateCommand - Element(s) NOT Found: GAVE UP. Search Stop Time: 1390367361668
[ERROR - 2014-01-22T05:09:22.605Z] WebElementLocator - _handleLocateCommand - Element(s) NOT Found: GAVE UP. Search Stop Time: 1390367362588
[ERROR - 2014-01-22T05:09:23.667Z] WebElementLocator - _handleLocateCommand - Element(s) NOT Found: GAVE UP. Search Stop Time: 1390367363601
[ERROR - 2014-01-22T05:09:27.180Z] Session [f8b0ad80-831f-11e3-89bb-195a4932bc84] - Page at 'http://www.filmshowonline.net/videos/144939/' - Console Error (msg): SyntaxError: Parse error
[ERROR - 2014-01-22T05:09:27.180Z] Session [f8b0ad80-831f-11e3-89bb-195a4932bc84] - Page at 'http://www.filmshowonline.net/videos/144939/' - Console Error (stack): []
[ERROR - 2014-01-22T05:09:47.038Z] Session [f8b0ad80-831f-11e3-89bb-195a4932bc84] - Page at 'http://videos.desihome.info/stream/ghan/part1.php' - Console Error (msg): SyntaxError: Parse error
[ERROR - 2014-01-22T05:09:47.038Z] Session [f8b0ad80-831f-11e3-89bb-195a4932bc84] - Page at 'http://videos.desihome.info/stream/ghan/part1.php' - Console Error (stack): []
[ERROR - 2014-01-22T05:09:47.380Z] Session [f8b0ad80-831f-11e3-89bb-195a4932bc84] - Page at 'http://videos.desihome.info/stream/ghan/part1.php' - Console Error (msg): SyntaxError: Parse error
[ERROR - 2014-01-22T05:09:47.380Z] Session [f8b0ad80-831f-11e3-89bb-195a4932bc84] - Page at 'http://videos.desihome.info/stream/ghan/part1.php' - Console Error (stack): []
[ERROR - 2014-01-22T05:09:48.446Z] WebElementLocator - _handleLocateCommand - Element(s) NOT Found: GAVE UP. Search Stop Time: 1390367388430
[ERROR - 2014-01-22T05:09:49.164Z] WebElementLocator - _handleLocateCommand - Element(s) NOT Found: GAVE UP. Search Stop Time: 1390367389149
[ERROR - 2014-01-22T05:09:49.882Z] WebElementLocator - _handleLocateCommand - Element(s) NOT Found: GAVE UP. Search Stop Time: 1390367389867
[ERROR - 2014-01-22T05:09:50.610Z] WebElementLocator - _handleLocateCommand - Element(s) NOT Found: GAVE UP. Search Stop Time: 1390367390595
[ERROR - 2014-01-22T05:09:51.341Z] WebElementLocator - _handleLocateCommand - Element(s) NOT Found: GAVE UP. Search Stop Time: 1390367391322
[INFO  - 2014-01-22T05:10:08.157Z] SessionManagerReqHand - _cleanupWindowlessSessions - Asynchronous Sessions clean-up phase starting NOW
[ERROR - 2014-01-22T05:11:21.518Z] Session [f8b0ad80-831f-11e3-89bb-195a4932bc84] - Page at 'http://videos.desihome.info/stream/enemmy/part3.php' - Console Error (msg): SyntaxError: Parse error
[ERROR - 2014-01-22T05:11:21.518Z] Session [f8b0ad80-831f-11e3-89bb-195a4932bc84] - Page at 'http://videos.desihome.info/stream/enemmy/part3.php' - Console Error (stack): []
[ERROR - 2014-01-22T05:11:25.045Z] WebElementLocator - _handleLocateCommand - Element(s) NOT Found: GAVE UP. Search Stop Time: 1390367485014
[ERROR - 2014-01-22T05:11:25.788Z] WebElementLocator - _handleLocateCommand - Element(s) NOT Found: GAVE UP. Search Stop Time: 1390367485749
[ERROR - 2014-01-22T05:11:26.512Z] WebElementLocator - _handleLocateCommand - Element(s) NOT Found: GAVE UP. Search Stop Time: 1390367486497
[ERROR - 2014-01-22T05:11:27.233Z] WebElementLocator - _handleLocateCommand - Element(s) NOT Found: GAVE UP. Search Stop Time: 1390367487214
[ERROR - 2014-01-22T05:11:27.964Z] WebElementLocator - _handleLocateCommand - Element(s) NOT Found: GAVE UP. Search Stop Time: 1390367487936
[ERROR - 2014-01-22T05:12:09.691Z] Session [f8b0ad80-831f-11e3-89bb-195a4932bc84] - Page at 'http://videos.desihome.info/stream/paris/part2.php' - Console Error (msg): SyntaxError: Parse error
[ERROR - 2014-01-22T05:12:09.691Z] Session [f8b0ad80-831f-11e3-89bb-195a4932bc84] - Page at 'http://videos.desihome.info/stream/paris/part2.php' - Console Error (stack): []
[ERROR - 2014-01-22T05:12:09.717Z] Session [f8b0ad80-831f-11e3-89bb-195a4932bc84] - Page at 'http://videos.desihome.info/stream/paris/part2.php' - Console Error (msg): SyntaxError: Parse error
[ERROR - 2014-01-22T05:12:09.717Z] Session [f8b0ad80-831f-11e3-89bb-195a4932bc84] - Page at 'http://videos.desihome.info/stream/paris/part2.php' - Console Error (stack): []
[ERROR - 2014-01-22T05:12:14.441Z] WebElementLocator - _handleLocateCommand - Element(s) NOT Found: GAVE UP. Search Stop Time: 1390367534419
[ERROR - 2014-01-22T05:12:15.167Z] WebElementLocator - _handleLocateCommand - Element(s) NOT Found: GAVE UP. Search Stop Time: 1390367535152
[ERROR - 2014-01-22T05:12:15.895Z] WebElementLocator - _handleLocateCommand - Element(s) NOT Found: GAVE UP. Search Stop Time: 1390367535867
[ERROR - 2014-01-22T05:12:16.626Z] WebElementLocator - _handleLocateCommand - Element(s) NOT Found: GAVE UP. Search Stop Time: 1390367536601
[ERROR - 2014-01-22T05:12:17.368Z] WebElementLocator - _handleLocateCommand - Element(s) NOT Found: GAVE UP. Search Stop Time: 1390367537349
[ERROR - 2014-01-22T05:12:25.906Z] WebElementLocator - _handleLocateCommand - Element(s) NOT Found: GAVE UP. Search Stop Time: 1390367545865
[ERROR - 2014-01-22T05:12:26.639Z] WebElementLocator - _handleLocateCommand - Element(s) NOT Found: GAVE UP. Search Stop Time: 1390367546610
[ERROR - 2014-01-22T05:12:27.365Z] WebElementLocator - _handleLocateCommand - Element(s) NOT Found: GAVE UP. Search Stop Time: 1390367547342
[ERROR - 2014-01-22T05:12:28.083Z] WebElementLocator - _handleLocateCommand - Element(s) NOT Found: GAVE UP. Search Stop Time: 1390367548066
[ERROR - 2014-01-22T05:12:28.796Z] WebElementLocator - _handleLocateCommand - Element(s) NOT Found: GAVE UP. Search Stop Time: 1390367548782
[INFO  - 2014-01-22T05:15:08.157Z] SessionManagerReqHand - _cleanupWindowlessSessions - Asynchronous Sessions clean-up phase starting NOW
[INFO  - 2014-01-22T05:20:08.157Z] SessionManagerReqHand - _cleanupWindowlessSessions - Asynchronous Sessions clean-up phase starting NOW
[INFO  - 2014-01-22T05:25:08.157Z] SessionManagerReqHand - _cleanupWindowlessSessions - Asynchronous Sessions clean-up phase starting NOW
[INFO  - 2014-01-22T05:30:08.157Z] SessionManagerReqHand - _cleanupWindowlessSessions - Asynchronous Sessions clean-up phase starting NOW
[INFO  - 2014-01-22T05:35:08.157Z] SessionManagerReqHand - _cleanupWindowlessSessions - Asynchronous Sessions clean-up phase starting NOW
[INFO  - 2014-01-22T05:40:08.157Z] SessionManagerReqHand - _cleanupWindowlessSessions - Asynchronous Sessions clean-up phase starting NOW
[INFO  - 2014-01-22T05:45:08.157Z] SessionManagerReqHand - _cleanupWindowlessSessions - Asynchronous Sessions clean-up phase starting NOW
[INFO  - 2014-01-22T05:50:08.157Z] SessionManagerReqHand - _cleanupWindowlessSessions - Asynchronous Sessions clean-up phase starting NOW
[INFO  - 2014-01-22T05:55:08.157Z] SessionManagerReqHand - _cleanupWindowlessSessions - Asynchronous Sessions clean-up phase starting NOW
[INFO  - 2014-01-22T06:00:08.157Z] SessionManagerReqHand - _cleanupWindowlessSessions - Asynchronous Sessions clean-up phase starting NOW
[INFO  - 2014-01-22T06:05:08.157Z] SessionManagerReqHand - _cleanupWindowlessSessions - Asynchronous Sessions clean-up phase starting NOW
[INFO  - 2014-01-22T06:10:08.157Z] SessionManagerReqHand - _cleanupWindowlessSessions - Asynchronous Sessions clean-up phase starting NOW
[INFO  - 2014-01-22T06:15:08.157Z] SessionManagerReqHand - _cleanupWindowlessSessions - Asynchronous Sessions clean-up phase starting NOW
[INFO  - 2014-01-22T06:20:08.157Z] SessionManagerReqHand - _cleanupWindowlessSessions - Asynchronous Sessions clean-up phase starting NOW
[INFO  - 2014-01-22T06:25:08.157Z] SessionManagerReqHand - _cleanupWindowlessSessions - Asynchronous Sessions clean-up phase starting NOW
[INFO  - 2014-01-22T06:30:08.157Z] SessionManagerReqHand - _cleanupWindowlessSessions - Asynchronous Sessions clean-up phase starting NOW
[INFO  - 2014-01-22T06:35:08.157Z] SessionManagerReqHand - _cleanupWindowlessSessions - Asynchronous Sessions clean-up phase starting NOW
[INFO  - 2014-01-22T06:40:08.157Z] SessionManagerReqHand - _cleanupWindowlessSessions - Asynchronous Sessions clean-up phase starting NOW
[INFO  - 2014-01-22T06:45:08.157Z] SessionManagerReqHand - _cleanupWindowlessSessions - Asynchronous Sessions clean-up phase starting NOW
[INFO  - 2014-01-22T06:50:08.157Z] SessionManagerReqHand - _cleanupWindowlessSessions - Asynchronous Sessions clean-up phase starting NOW
